[17-04-02 21:48:08] Info: Compiling Dive-Coaster-6 to bin/build-170402214808701.dll...
[17-04-02 21:48:08] Info: Compiling from `ModSparkLoader.csproj`.
[17-04-02 21:48:08] Info: Resolved assembly reference `Assembly-CSharp` to `d:/marijn/documents/steam\SteamApps\common\Parkitect\Parkitect_Data\Managed\Assembly-CSharp.dll`
[17-04-02 21:48:08] Info: IGNORING assembly reference `Depender`
[17-04-02 21:48:08] Info: Resolved assembly reference `System` to `System.dll`
[17-04-02 21:48:08] Info: Resolved assembly reference `System.Core` to `System.Core.dll`
[17-04-02 21:48:08] Info: Resolved assembly reference `System.Data` to `System.Data.dll`
[17-04-02 21:48:08] Info: Resolved assembly reference `System.Data.DataSetExtensions` to `System.Data.DataSetExtensions.dll`
[17-04-02 21:48:08] Info: Resolved assembly reference `System.Xml` to `System.Xml.dll`
[17-04-02 21:48:08] Info: Resolved assembly reference `System.Xml.Linq` to `System.Xml.Linq.dll`
[17-04-02 21:48:08] Info: Resolved assembly reference `UnityEngine` to `d:/marijn/documents/steam\SteamApps\common\Parkitect\Parkitect_Data\Managed\UnityEngine.dll`
[17-04-02 21:48:08] Info: Resolved assembly reference `UnityEngine.UI` to `d:/marijn/documents/steam\SteamApps\common\Parkitect\Parkitect_Data\Managed\UnityEngine.UI.dll`
[17-04-02 21:48:08] Info: Source files: ModSparkLoader\FlatRideLoader.cs, ModSparkLoader\Main.cs, ModSparkLoader\ModLoader.cs from `D:\Marijn\Documents\Parkitect\pnmods\Dive-Coaster-6`.
[17-04-02 21:48:08] Info: Compile using compiler version v3.5.
[17-04-02 21:48:15] Info: Loaded build-170402214808701, Version=0.0.0.0, Culture=neutral, PublicKeyToken=null.
[17-04-02 21:48:15] Info: Sucessfully registered Custom_Scenery.Main to the mod manager.
[17-04-02 21:53:21] Info: Loaded build-170402214808701, Version=0.0.0.0, Culture=neutral, PublicKeyToken=null.
[17-04-02 21:53:21] Info: Sucessfully registered Custom_Scenery.Main to the mod manager.
[17-04-02 21:57:05] Info: Loaded build-170402214808701, Version=0.0.0.0, Culture=neutral, PublicKeyToken=null.
[17-04-02 21:57:05] Info: Sucessfully registered Custom_Scenery.Main to the mod manager.
[17-04-02 21:59:00] Info: Loaded build-170402214808701, Version=0.0.0.0, Culture=neutral, PublicKeyToken=null.
[17-04-02 21:59:00] Info: Sucessfully registered Custom_Scenery.Main to the mod manager.
[17-04-02 22:00:39] Info: Loaded build-170402214808701, Version=0.0.0.0, Culture=neutral, PublicKeyToken=null.
[17-04-02 22:00:39] Info: Sucessfully registered Custom_Scenery.Main to the mod manager.
[17-04-03 15:15:59] Info: Loaded build-170402214808701, Version=0.0.0.0, Culture=neutral, PublicKeyToken=null.
[17-04-03 15:15:59] Info: Sucessfully registered Custom_Scenery.Main to the mod manager.
[17-04-03 16:38:32] Info: Compiling Dive-Coaster-6 to bin/build-170403163832825.dll...
[17-04-03 16:38:32] Info: Compiling from `ModSparkLoader.csproj`.
[17-04-03 16:38:32] Info: Resolved assembly reference `Assembly-CSharp` to `d:/marijn/documents/steam\SteamApps\common\Parkitect\Parkitect_Data\Managed\Assembly-CSharp.dll`
[17-04-03 16:38:32] Info: IGNORING assembly reference `Depender`
[17-04-03 16:38:32] Info: Resolved assembly reference `System` to `System.dll`
[17-04-03 16:38:32] Info: Resolved assembly reference `System.Core` to `System.Core.dll`
[17-04-03 16:38:32] Info: Resolved assembly reference `System.Data` to `System.Data.dll`
[17-04-03 16:38:32] Info: Resolved assembly reference `System.Data.DataSetExtensions` to `System.Data.DataSetExtensions.dll`
[17-04-03 16:38:32] Info: Resolved assembly reference `System.Xml` to `System.Xml.dll`
[17-04-03 16:38:32] Info: Resolved assembly reference `System.Xml.Linq` to `System.Xml.Linq.dll`
[17-04-03 16:38:32] Info: Resolved assembly reference `UnityEngine` to `d:/marijn/documents/steam\SteamApps\common\Parkitect\Parkitect_Data\Managed\UnityEngine.dll`
[17-04-03 16:38:32] Info: Resolved assembly reference `UnityEngine.UI` to `d:/marijn/documents/steam\SteamApps\common\Parkitect\Parkitect_Data\Managed\UnityEngine.UI.dll`
[17-04-03 16:38:32] Info: Source files: ModSparkLoader\FlatRideLoader.cs, ModSparkLoader\Main.cs, ModSparkLoader\ModLoader.cs from `D:\Marijn\Documents\Parkitect\pnmods\Dive-Coaster-6`.
[17-04-03 16:38:32] Info: Compile using compiler version v3.5.
[17-04-03 16:38:49] Info: Loaded build-170403163832825, Version=0.0.0.0, Culture=neutral, PublicKeyToken=null.
[17-04-03 16:38:49] Info: Sucessfully registered Custom_Scenery.Main to the mod manager.
System.NullReferenceException: Object reference not set to an instance of an object
  at ModLoader.LoadScenery () [0x00000] in <filename unknown>:0 
System.NullReferenceException: Object reference not set to an instance of an object
  at ModLoader.LoadScenery () [0x00000] in <filename unknown>:0 
[17-04-03 16:40:57] Info: Compiling Dive-Coaster-6 to bin/build-170403164057898.dll...
[17-04-03 16:40:57] Info: Compiling from `ModSparkLoader.csproj`.
[17-04-03 16:40:57] Info: Resolved assembly reference `Assembly-CSharp` to `d:/marijn/documents/steam\SteamApps\common\Parkitect\Parkitect_Data\Managed\Assembly-CSharp.dll`
[17-04-03 16:40:57] Info: IGNORING assembly reference `Depender`
[17-04-03 16:40:57] Info: Resolved assembly reference `System` to `System.dll`
[17-04-03 16:40:57] Info: Resolved assembly reference `System.Core` to `System.Core.dll`
[17-04-03 16:40:57] Info: Resolved assembly reference `System.Data` to `System.Data.dll`
[17-04-03 16:40:57] Info: Resolved assembly reference `System.Data.DataSetExtensions` to `System.Data.DataSetExtensions.dll`
[17-04-03 16:40:57] Info: Resolved assembly reference `System.Xml` to `System.Xml.dll`
[17-04-03 16:40:57] Info: Resolved assembly reference `System.Xml.Linq` to `System.Xml.Linq.dll`
[17-04-03 16:40:57] Info: Resolved assembly reference `UnityEngine` to `d:/marijn/documents/steam\SteamApps\common\Parkitect\Parkitect_Data\Managed\UnityEngine.dll`
[17-04-03 16:40:57] Info: Resolved assembly reference `UnityEngine.UI` to `d:/marijn/documents/steam\SteamApps\common\Parkitect\Parkitect_Data\Managed\UnityEngine.UI.dll`
[17-04-03 16:40:57] Info: Source files: ModSparkLoader\FlatRideLoader.cs, ModSparkLoader\Main.cs, ModSparkLoader\ModLoader.cs from `D:\Marijn\Documents\Parkitect\pnmods\Dive-Coaster-6`.
[17-04-03 16:40:57] Info: Compile using compiler version v3.5.
[17-04-03 16:41:18] Info: Loaded build-170403164057898, Version=0.0.0.0, Culture=neutral, PublicKeyToken=null.
[17-04-03 16:41:18] Info: Sucessfully registered Custom_Scenery.Main to the mod manager.
System.NullReferenceException: Object reference not set to an instance of an object
  at ModLoader.LoadScenery () [0x00000] in <filename unknown>:0 
[17-04-03 16:51:06] Info: Loaded build-170403164057898, Version=0.0.0.0, Culture=neutral, PublicKeyToken=null.
[17-04-03 16:51:06] Info: Sucessfully registered Custom_Scenery.Main to the mod manager.
[17-04-03 16:51:09] Info: Compiling Dive-Coaster-6 to bin/build-170403165109484.dll...
[17-04-03 16:51:09] Info: Compiling from `ModSparkLoader.csproj`.
[17-04-03 16:51:09] Info: Resolved assembly reference `Assembly-CSharp` to `d:/marijn/documents/steam\SteamApps\common\Parkitect\Parkitect_Data\Managed\Assembly-CSharp.dll`
[17-04-03 16:51:09] Info: IGNORING assembly reference `Depender`
[17-04-03 16:51:09] Info: Resolved assembly reference `System` to `System.dll`
[17-04-03 16:51:09] Info: Resolved assembly reference `System.Core` to `System.Core.dll`
[17-04-03 16:51:09] Info: Resolved assembly reference `System.Data` to `System.Data.dll`
[17-04-03 16:51:09] Info: Resolved assembly reference `System.Data.DataSetExtensions` to `System.Data.DataSetExtensions.dll`
[17-04-03 16:51:09] Info: Resolved assembly reference `System.Xml` to `System.Xml.dll`
[17-04-03 16:51:09] Info: Resolved assembly reference `System.Xml.Linq` to `System.Xml.Linq.dll`
[17-04-03 16:51:09] Info: Resolved assembly reference `UnityEngine` to `d:/marijn/documents/steam\SteamApps\common\Parkitect\Parkitect_Data\Managed\UnityEngine.dll`
[17-04-03 16:51:09] Info: Resolved assembly reference `UnityEngine.UI` to `d:/marijn/documents/steam\SteamApps\common\Parkitect\Parkitect_Data\Managed\UnityEngine.UI.dll`
[17-04-03 16:51:09] Info: Source files: ModSparkLoader\FlatRideLoader.cs, ModSparkLoader\Main.cs, ModSparkLoader\ModLoader.cs from `D:\Marijn\Documents\Parkitect\pnmods\Dive-Coaster-6`.
[17-04-03 16:51:09] Info: Compile using compiler version v3.5.
[17-04-03 16:51:20] Info: Loaded build-170403165109484, Version=0.0.0.0, Culture=neutral, PublicKeyToken=null.
[17-04-03 16:51:20] Info: Sucessfully registered Custom_Scenery.Main to the mod manager.
[17-04-03 16:55:41] Info: Compiling Dive-Coaster-6 to bin/build-170403165541243.dll...
[17-04-03 16:55:41] Info: Compiling from `ModSparkLoader.csproj`.
[17-04-03 16:55:41] Info: Resolved assembly reference `Assembly-CSharp` to `d:/marijn/documents/steam\SteamApps\common\Parkitect\Parkitect_Data\Managed\Assembly-CSharp.dll`
[17-04-03 16:55:41] Info: IGNORING assembly reference `Depender`
[17-04-03 16:55:41] Info: Resolved assembly reference `System` to `System.dll`
[17-04-03 16:55:41] Info: Resolved assembly reference `System.Core` to `System.Core.dll`
[17-04-03 16:55:41] Info: Resolved assembly reference `System.Data` to `System.Data.dll`
[17-04-03 16:55:41] Info: Resolved assembly reference `System.Data.DataSetExtensions` to `System.Data.DataSetExtensions.dll`
[17-04-03 16:55:41] Info: Resolved assembly reference `System.Xml` to `System.Xml.dll`
[17-04-03 16:55:41] Info: Resolved assembly reference `System.Xml.Linq` to `System.Xml.Linq.dll`
[17-04-03 16:55:41] Info: Resolved assembly reference `UnityEngine` to `d:/marijn/documents/steam\SteamApps\common\Parkitect\Parkitect_Data\Managed\UnityEngine.dll`
[17-04-03 16:55:41] Info: Resolved assembly reference `UnityEngine.UI` to `d:/marijn/documents/steam\SteamApps\common\Parkitect\Parkitect_Data\Managed\UnityEngine.UI.dll`
[17-04-03 16:55:41] Info: Source files: ModSparkLoader\FlatRideLoader.cs, ModSparkLoader\Main.cs, ModSparkLoader\ModLoader.cs from `D:\Marijn\Documents\Parkitect\pnmods\Dive-Coaster-6`.
[17-04-03 16:55:41] Info: Compile using compiler version v3.5.
[17-04-03 16:55:49] Info: Loaded build-170403165541243, Version=0.0.0.0, Culture=neutral, PublicKeyToken=null.
[17-04-03 16:55:49] Info: Sucessfully registered Custom_Scenery.Main to the mod manager.
[17-04-03 16:57:48] Info: Compiling Dive-Coaster-6 to bin/build-170403165748465.dll...
[17-04-03 16:57:48] Info: Compiling from `ModSparkLoader.csproj`.
[17-04-03 16:57:48] Info: Resolved assembly reference `Assembly-CSharp` to `d:/marijn/documents/steam\SteamApps\common\Parkitect\Parkitect_Data\Managed\Assembly-CSharp.dll`
[17-04-03 16:57:48] Info: IGNORING assembly reference `Depender`
[17-04-03 16:57:48] Info: Resolved assembly reference `System` to `System.dll`
[17-04-03 16:57:48] Info: Resolved assembly reference `System.Core` to `System.Core.dll`
[17-04-03 16:57:48] Info: Resolved assembly reference `System.Data` to `System.Data.dll`
[17-04-03 16:57:48] Info: Resolved assembly reference `System.Data.DataSetExtensions` to `System.Data.DataSetExtensions.dll`
[17-04-03 16:57:48] Info: Resolved assembly reference `System.Xml` to `System.Xml.dll`
[17-04-03 16:57:48] Info: Resolved assembly reference `System.Xml.Linq` to `System.Xml.Linq.dll`
[17-04-03 16:57:48] Info: Resolved assembly reference `UnityEngine` to `d:/marijn/documents/steam\SteamApps\common\Parkitect\Parkitect_Data\Managed\UnityEngine.dll`
[17-04-03 16:57:48] Info: Resolved assembly reference `UnityEngine.UI` to `d:/marijn/documents/steam\SteamApps\common\Parkitect\Parkitect_Data\Managed\UnityEngine.UI.dll`
[17-04-03 16:57:48] Info: Source files: ModSparkLoader\FlatRideLoader.cs, ModSparkLoader\Main.cs, ModSparkLoader\ModLoader.cs from `D:\Marijn\Documents\Parkitect\pnmods\Dive-Coaster-6`.
[17-04-03 16:57:48] Info: Compile using compiler version v3.5.
[17-04-03 16:57:57] Info: Loaded build-170403165748465, Version=0.0.0.0, Culture=neutral, PublicKeyToken=null.
[17-04-03 16:57:57] Info: Sucessfully registered Custom_Scenery.Main to the mod manager.
[17-04-03 17:00:08] Info: Loaded build-170403165748465, Version=0.0.0.0, Culture=neutral, PublicKeyToken=null.
[17-04-03 17:00:08] Info: Sucessfully registered Custom_Scenery.Main to the mod manager.
[17-04-03 20:08:14] Info: Compiling Dive-Coaster-6 to bin/build-170403200814810.dll...
[17-04-03 20:08:14] Info: Compiling from `ModSparkLoader.csproj`.
[17-04-03 20:08:14] Info: Resolved assembly reference `Assembly-CSharp` to `d:/marijn/documents/steam\SteamApps\common\Parkitect\Parkitect_Data\Managed\Assembly-CSharp.dll`
[17-04-03 20:08:14] Info: IGNORING assembly reference `Depender`
[17-04-03 20:08:14] Info: Resolved assembly reference `System` to `System.dll`
[17-04-03 20:08:14] Info: Resolved assembly reference `System.Core` to `System.Core.dll`
[17-04-03 20:08:14] Info: Resolved assembly reference `System.Data` to `System.Data.dll`
[17-04-03 20:08:14] Info: Resolved assembly reference `System.Data.DataSetExtensions` to `System.Data.DataSetExtensions.dll`
[17-04-03 20:08:14] Info: Resolved assembly reference `System.Xml` to `System.Xml.dll`
[17-04-03 20:08:14] Info: Resolved assembly reference `System.Xml.Linq` to `System.Xml.Linq.dll`
[17-04-03 20:08:14] Info: Resolved assembly reference `UnityEngine` to `d:/marijn/documents/steam\SteamApps\common\Parkitect\Parkitect_Data\Managed\UnityEngine.dll`
[17-04-03 20:08:14] Info: Resolved assembly reference `UnityEngine.UI` to `d:/marijn/documents/steam\SteamApps\common\Parkitect\Parkitect_Data\Managed\UnityEngine.UI.dll`
[17-04-03 20:08:14] Info: Source files: ModSparkLoader\FlatRideLoader.cs, ModSparkLoader\Main.cs, ModSparkLoader\ModLoader.cs from `D:\Marijn\Documents\Parkitect\pnmods\Dive-Coaster-6`.
[17-04-03 20:08:14] Info: Compile using compiler version v3.5.
[17-04-03 20:08:26] Info: Loaded build-170403200814810, Version=0.0.0.0, Culture=neutral, PublicKeyToken=null.
[17-04-03 20:08:26] Info: Sucessfully registered Custom_Scenery.Main to the mod manager.
[17-04-03 20:11:16] Info: Compiling Dive-Coaster-6 to bin/build-170403201116313.dll...
[17-04-03 20:11:16] Info: Compiling from `ModSparkLoader.csproj`.
[17-04-03 20:11:16] Info: Resolved assembly reference `Assembly-CSharp` to `d:/marijn/documents/steam\SteamApps\common\Parkitect\Parkitect_Data\Managed\Assembly-CSharp.dll`
[17-04-03 20:11:16] Info: IGNORING assembly reference `Depender`
[17-04-03 20:11:16] Info: Resolved assembly reference `System` to `System.dll`
[17-04-03 20:11:16] Info: Resolved assembly reference `System.Core` to `System.Core.dll`
[17-04-03 20:11:16] Info: Resolved assembly reference `System.Data` to `System.Data.dll`
[17-04-03 20:11:16] Info: Resolved assembly reference `System.Data.DataSetExtensions` to `System.Data.DataSetExtensions.dll`
[17-04-03 20:11:16] Info: Resolved assembly reference `System.Xml` to `System.Xml.dll`
[17-04-03 20:11:16] Info: Resolved assembly reference `System.Xml.Linq` to `System.Xml.Linq.dll`
[17-04-03 20:11:16] Info: Resolved assembly reference `UnityEngine` to `d:/marijn/documents/steam\SteamApps\common\Parkitect\Parkitect_Data\Managed\UnityEngine.dll`
[17-04-03 20:11:16] Info: Resolved assembly reference `UnityEngine.UI` to `d:/marijn/documents/steam\SteamApps\common\Parkitect\Parkitect_Data\Managed\UnityEngine.UI.dll`
[17-04-03 20:11:16] Info: Source files: ModSparkLoader\FlatRideLoader.cs, ModSparkLoader\Main.cs, ModSparkLoader\ModLoader.cs from `D:\Marijn\Documents\Parkitect\pnmods\Dive-Coaster-6`.
[17-04-03 20:11:16] Info: Compile using compiler version v3.5.
[17-04-03 20:11:56] Info: Loaded build-170403201116313, Version=0.0.0.0, Culture=neutral, PublicKeyToken=null.
[17-04-03 20:11:56] Info: Sucessfully registered Custom_Scenery.Main to the mod manager.
[17-04-03 20:14:03] Info: Compiling Dive-Coaster-6 to bin/build-170403201403781.dll...
[17-04-03 20:14:03] Info: Compiling from `ModSparkLoader.csproj`.
[17-04-03 20:14:03] Info: Resolved assembly reference `Assembly-CSharp` to `d:/marijn/documents/steam\SteamApps\common\Parkitect\Parkitect_Data\Managed\Assembly-CSharp.dll`
[17-04-03 20:14:03] Info: IGNORING assembly reference `Depender`
[17-04-03 20:14:03] Info: Resolved assembly reference `System` to `System.dll`
[17-04-03 20:14:03] Info: Resolved assembly reference `System.Core` to `System.Core.dll`
[17-04-03 20:14:03] Info: Resolved assembly reference `System.Data` to `System.Data.dll`
[17-04-03 20:14:03] Info: Resolved assembly reference `System.Data.DataSetExtensions` to `System.Data.DataSetExtensions.dll`
[17-04-03 20:14:03] Info: Resolved assembly reference `System.Xml` to `System.Xml.dll`
[17-04-03 20:14:03] Info: Resolved assembly reference `System.Xml.Linq` to `System.Xml.Linq.dll`
[17-04-03 20:14:03] Info: Resolved assembly reference `UnityEngine` to `d:/marijn/documents/steam\SteamApps\common\Parkitect\Parkitect_Data\Managed\UnityEngine.dll`
[17-04-03 20:14:03] Info: Resolved assembly reference `UnityEngine.UI` to `d:/marijn/documents/steam\SteamApps\common\Parkitect\Parkitect_Data\Managed\UnityEngine.UI.dll`
[17-04-03 20:14:03] Info: Source files: ModSparkLoader\FlatRideLoader.cs, ModSparkLoader\Main.cs, ModSparkLoader\ModLoader.cs from `D:\Marijn\Documents\Parkitect\pnmods\Dive-Coaster-6`.
[17-04-03 20:14:03] Info: Compile using compiler version v3.5.
[17-04-03 20:14:13] Info: Loaded build-170403201403781, Version=0.0.0.0, Culture=neutral, PublicKeyToken=null.
[17-04-03 20:14:13] Info: Sucessfully registered Custom_Scenery.Main to the mod manager.
[17-04-03 20:15:29] Info: Compiling Dive-Coaster-6 to bin/build-170403201529668.dll...
[17-04-03 20:15:29] Info: Compiling from `ModSparkLoader.csproj`.
[17-04-03 20:15:29] Info: Resolved assembly reference `Assembly-CSharp` to `d:/marijn/documents/steam\SteamApps\common\Parkitect\Parkitect_Data\Managed\Assembly-CSharp.dll`
[17-04-03 20:15:29] Info: IGNORING assembly reference `Depender`
[17-04-03 20:15:29] Info: Resolved assembly reference `System` to `System.dll`
[17-04-03 20:15:29] Info: Resolved assembly reference `System.Core` to `System.Core.dll`
[17-04-03 20:15:29] Info: Resolved assembly reference `System.Data` to `System.Data.dll`
[17-04-03 20:15:29] Info: Resolved assembly reference `System.Data.DataSetExtensions` to `System.Data.DataSetExtensions.dll`
[17-04-03 20:15:29] Info: Resolved assembly reference `System.Xml` to `System.Xml.dll`
[17-04-03 20:15:29] Info: Resolved assembly reference `System.Xml.Linq` to `System.Xml.Linq.dll`
[17-04-03 20:15:29] Info: Resolved assembly reference `UnityEngine` to `d:/marijn/documents/steam\SteamApps\common\Parkitect\Parkitect_Data\Managed\UnityEngine.dll`
[17-04-03 20:15:29] Info: Resolved assembly reference `UnityEngine.UI` to `d:/marijn/documents/steam\SteamApps\common\Parkitect\Parkitect_Data\Managed\UnityEngine.UI.dll`
[17-04-03 20:15:29] Info: Source files: ModSparkLoader\FlatRideLoader.cs, ModSparkLoader\Main.cs, ModSparkLoader\ModLoader.cs from `D:\Marijn\Documents\Parkitect\pnmods\Dive-Coaster-6`.
[17-04-03 20:15:29] Info: Compile using compiler version v3.5.
[17-04-03 20:15:38] Info: Loaded build-170403201529668, Version=0.0.0.0, Culture=neutral, PublicKeyToken=null.
[17-04-03 20:15:38] Info: Sucessfully registered Custom_Scenery.Main to the mod manager.
[17-04-03 20:19:23] Info: Compiling Dive-Coaster-6 to bin/build-170403201923632.dll...
[17-04-03 20:19:23] Info: Compiling from `ModSparkLoader.csproj`.
[17-04-03 20:19:23] Info: Resolved assembly reference `Assembly-CSharp` to `d:/marijn/documents/steam\SteamApps\common\Parkitect\Parkitect_Data\Managed\Assembly-CSharp.dll`
[17-04-03 20:19:23] Info: IGNORING assembly reference `Depender`
[17-04-03 20:19:23] Info: Resolved assembly reference `System` to `System.dll`
[17-04-03 20:19:23] Info: Resolved assembly reference `System.Core` to `System.Core.dll`
[17-04-03 20:19:23] Info: Resolved assembly reference `System.Data` to `System.Data.dll`
[17-04-03 20:19:23] Info: Resolved assembly reference `System.Data.DataSetExtensions` to `System.Data.DataSetExtensions.dll`
[17-04-03 20:19:23] Info: Resolved assembly reference `System.Xml` to `System.Xml.dll`
[17-04-03 20:19:23] Info: Resolved assembly reference `System.Xml.Linq` to `System.Xml.Linq.dll`
[17-04-03 20:19:23] Info: Resolved assembly reference `UnityEngine` to `d:/marijn/documents/steam\SteamApps\common\Parkitect\Parkitect_Data\Managed\UnityEngine.dll`
[17-04-03 20:19:23] Info: Resolved assembly reference `UnityEngine.UI` to `d:/marijn/documents/steam\SteamApps\common\Parkitect\Parkitect_Data\Managed\UnityEngine.UI.dll`
[17-04-03 20:19:23] Info: Source files: ModSparkLoader\FlatRideLoader.cs, ModSparkLoader\Main.cs, ModSparkLoader\ModLoader.cs from `D:\Marijn\Documents\Parkitect\pnmods\Dive-Coaster-6`.
[17-04-03 20:19:23] Info: Compile using compiler version v3.5.
[17-04-03 20:20:05] Info: Compiling Dive-Coaster-6 to bin/build-170403202005566.dll...
[17-04-03 20:20:05] Info: Compiling from `ModSparkLoader.csproj`.
[17-04-03 20:20:05] Info: Resolved assembly reference `Assembly-CSharp` to `d:/marijn/documents/steam\SteamApps\common\Parkitect\Parkitect_Data\Managed\Assembly-CSharp.dll`
[17-04-03 20:20:05] Info: IGNORING assembly reference `Depender`
[17-04-03 20:20:05] Info: Resolved assembly reference `System` to `System.dll`
[17-04-03 20:20:05] Info: Resolved assembly reference `System.Core` to `System.Core.dll`
[17-04-03 20:20:05] Info: Resolved assembly reference `System.Data` to `System.Data.dll`
[17-04-03 20:20:05] Info: Resolved assembly reference `System.Data.DataSetExtensions` to `System.Data.DataSetExtensions.dll`
[17-04-03 20:20:05] Info: Resolved assembly reference `System.Xml` to `System.Xml.dll`
[17-04-03 20:20:05] Info: Resolved assembly reference `System.Xml.Linq` to `System.Xml.Linq.dll`
[17-04-03 20:20:05] Info: Resolved assembly reference `UnityEngine` to `d:/marijn/documents/steam\SteamApps\common\Parkitect\Parkitect_Data\Managed\UnityEngine.dll`
[17-04-03 20:20:05] Info: Resolved assembly reference `UnityEngine.UI` to `d:/marijn/documents/steam\SteamApps\common\Parkitect\Parkitect_Data\Managed\UnityEngine.UI.dll`
[17-04-03 20:20:05] Info: Source files: ModSparkLoader\FlatRideLoader.cs, ModSparkLoader\Main.cs, ModSparkLoader\ModLoader.cs from `D:\Marijn\Documents\Parkitect\pnmods\Dive-Coaster-6`.
[17-04-03 20:20:05] Info: Compile using compiler version v3.5.
[17-04-03 20:20:14] Info: Loaded build-170403202005566, Version=0.0.0.0, Culture=neutral, PublicKeyToken=null.
[17-04-03 20:20:14] Info: Sucessfully registered Custom_Scenery.Main to the mod manager.
[17-04-03 20:22:02] Info: Loaded build-170403202005566, Version=0.0.0.0, Culture=neutral, PublicKeyToken=null.
[17-04-03 20:22:02] Info: Sucessfully registered Custom_Scenery.Main to the mod manager.
[17-04-03 20:23:04] Info: Loaded build-170403202005566, Version=0.0.0.0, Culture=neutral, PublicKeyToken=null.
[17-04-03 20:23:04] Info: Sucessfully registered Custom_Scenery.Main to the mod manager.
[17-04-03 20:24:00] Info: Loaded build-170403202005566, Version=0.0.0.0, Culture=neutral, PublicKeyToken=null.
[17-04-03 20:24:00] Info: Sucessfully registered Custom_Scenery.Main to the mod manager.
[17-04-03 20:24:50] Info: Loaded build-170403202005566, Version=0.0.0.0, Culture=neutral, PublicKeyToken=null.
[17-04-03 20:24:50] Info: Sucessfully registered Custom_Scenery.Main to the mod manager.
[17-04-03 20:25:28] Info: Loaded build-170403202005566, Version=0.0.0.0, Culture=neutral, PublicKeyToken=null.
[17-04-03 20:25:28] Info: Sucessfully registered Custom_Scenery.Main to the mod manager.
System.NullReferenceException: Object reference not set to an instance of an object
  at ModLoader.LoadScenery () [0x00000] in <filename unknown>:0 
System.NullReferenceException: Object reference not set to an instance of an object
  at ModLoader.LoadScenery () [0x00000] in <filename unknown>:0 
[17-04-03 20:28:56] Info: Compiling Dive-Coaster-6 to bin/build-170403202856892.dll...
[17-04-03 20:28:56] Info: Compiling from `ModSparkLoader.csproj`.
[17-04-03 20:28:56] Info: Resolved assembly reference `Assembly-CSharp` to `d:/marijn/documents/steam\SteamApps\common\Parkitect\Parkitect_Data\Managed\Assembly-CSharp.dll`
[17-04-03 20:28:56] Info: IGNORING assembly reference `Depender`
[17-04-03 20:28:56] Info: Resolved assembly reference `System` to `System.dll`
[17-04-03 20:28:56] Info: Resolved assembly reference `System.Core` to `System.Core.dll`
[17-04-03 20:28:56] Info: Resolved assembly reference `System.Data` to `System.Data.dll`
[17-04-03 20:28:56] Info: Resolved assembly reference `System.Data.DataSetExtensions` to `System.Data.DataSetExtensions.dll`
[17-04-03 20:28:56] Info: Resolved assembly reference `System.Xml` to `System.Xml.dll`
[17-04-03 20:28:56] Info: Resolved assembly reference `System.Xml.Linq` to `System.Xml.Linq.dll`
[17-04-03 20:28:56] Info: Resolved assembly reference `UnityEngine` to `d:/marijn/documents/steam\SteamApps\common\Parkitect\Parkitect_Data\Managed\UnityEngine.dll`
[17-04-03 20:28:56] Info: Resolved assembly reference `UnityEngine.UI` to `d:/marijn/documents/steam\SteamApps\common\Parkitect\Parkitect_Data\Managed\UnityEngine.UI.dll`
[17-04-03 20:28:56] Info: Source files: ModSparkLoader\FlatRideLoader.cs, ModSparkLoader\Main.cs, ModSparkLoader\ModLoader.cs from `D:\Marijn\Documents\Parkitect\pnmods\Dive-Coaster-6`.
[17-04-03 20:28:56] Info: Compile using compiler version v3.5.
[17-04-03 20:29:05] Info: Loaded build-170403202856892, Version=0.0.0.0, Culture=neutral, PublicKeyToken=null.
[17-04-03 20:29:05] Info: Sucessfully registered Custom_Scenery.Main to the mod manager.
[17-04-03 20:33:43] Info: Compiling Dive-Coaster-6 to bin/build-170403203343454.dll...
[17-04-03 20:33:43] Info: Compiling from `ModSparkLoader.csproj`.
[17-04-03 20:33:43] Info: Resolved assembly reference `Assembly-CSharp` to `d:/marijn/documents/steam\SteamApps\common\Parkitect\Parkitect_Data\Managed\Assembly-CSharp.dll`
[17-04-03 20:33:43] Info: IGNORING assembly reference `Depender`
[17-04-03 20:33:43] Info: Resolved assembly reference `System` to `System.dll`
[17-04-03 20:33:43] Info: Resolved assembly reference `System.Core` to `System.Core.dll`
[17-04-03 20:33:43] Info: Resolved assembly reference `System.Data` to `System.Data.dll`
[17-04-03 20:33:43] Info: Resolved assembly reference `System.Data.DataSetExtensions` to `System.Data.DataSetExtensions.dll`
[17-04-03 20:33:43] Info: Resolved assembly reference `System.Xml` to `System.Xml.dll`
[17-04-03 20:33:43] Info: Resolved assembly reference `System.Xml.Linq` to `System.Xml.Linq.dll`
[17-04-03 20:33:43] Info: Resolved assembly reference `UnityEngine` to `d:/marijn/documents/steam\SteamApps\common\Parkitect\Parkitect_Data\Managed\UnityEngine.dll`
[17-04-03 20:33:43] Info: Resolved assembly reference `UnityEngine.UI` to `d:/marijn/documents/steam\SteamApps\common\Parkitect\Parkitect_Data\Managed\UnityEngine.UI.dll`
[17-04-03 20:33:43] Info: Source files: ModSparkLoader\FlatRideLoader.cs, ModSparkLoader\Main.cs, ModSparkLoader\ModLoader.cs from `D:\Marijn\Documents\Parkitect\pnmods\Dive-Coaster-6`.
[17-04-03 20:33:43] Info: Compile using compiler version v3.5.
[17-04-03 20:33:52] Info: Loaded build-170403203343454, Version=0.0.0.0, Culture=neutral, PublicKeyToken=null.
[17-04-03 20:33:52] Info: Sucessfully registered Custom_Scenery.Main to the mod manager.
System.NullReferenceException: Object reference not set to an instance of an object
  at ModLoader.LoadScenery () [0x00000] in <filename unknown>:0 
[17-04-03 20:36:40] Info: Compiling Dive-Coaster-6 to bin/build-170403203640698.dll...
[17-04-03 20:36:40] Info: Compiling from `ModSparkLoader.csproj`.
[17-04-03 20:36:40] Info: Resolved assembly reference `Assembly-CSharp` to `d:/marijn/documents/steam\SteamApps\common\Parkitect\Parkitect_Data\Managed\Assembly-CSharp.dll`
[17-04-03 20:36:40] Info: IGNORING assembly reference `Depender`
[17-04-03 20:36:40] Info: Resolved assembly reference `System` to `System.dll`
[17-04-03 20:36:40] Info: Resolved assembly reference `System.Core` to `System.Core.dll`
[17-04-03 20:36:40] Info: Resolved assembly reference `System.Data` to `System.Data.dll`
[17-04-03 20:36:40] Info: Resolved assembly reference `System.Data.DataSetExtensions` to `System.Data.DataSetExtensions.dll`
[17-04-03 20:36:40] Info: Resolved assembly reference `System.Xml` to `System.Xml.dll`
[17-04-03 20:36:40] Info: Resolved assembly reference `System.Xml.Linq` to `System.Xml.Linq.dll`
[17-04-03 20:36:40] Info: Resolved assembly reference `UnityEngine` to `d:/marijn/documents/steam\SteamApps\common\Parkitect\Parkitect_Data\Managed\UnityEngine.dll`
[17-04-03 20:36:40] Info: Resolved assembly reference `UnityEngine.UI` to `d:/marijn/documents/steam\SteamApps\common\Parkitect\Parkitect_Data\Managed\UnityEngine.UI.dll`
[17-04-03 20:36:40] Info: Source files: ModSparkLoader\FlatRideLoader.cs, ModSparkLoader\Main.cs, ModSparkLoader\ModLoader.cs from `D:\Marijn\Documents\Parkitect\pnmods\Dive-Coaster-6`.
[17-04-03 20:36:40] Info: Compile using compiler version v3.5.
[17-04-03 20:37:25] Info: Compiling Dive-Coaster-6 to bin/build-170403203725070.dll...
[17-04-03 20:37:25] Info: Compiling from `ModSparkLoader.csproj`.
[17-04-03 20:37:25] Info: Resolved assembly reference `Assembly-CSharp` to `d:/marijn/documents/steam\SteamApps\common\Parkitect\Parkitect_Data\Managed\Assembly-CSharp.dll`
[17-04-03 20:37:25] Info: IGNORING assembly reference `Depender`
[17-04-03 20:37:25] Info: Resolved assembly reference `System` to `System.dll`
[17-04-03 20:37:25] Info: Resolved assembly reference `System.Core` to `System.Core.dll`
[17-04-03 20:37:25] Info: Resolved assembly reference `System.Data` to `System.Data.dll`
[17-04-03 20:37:25] Info: Resolved assembly reference `System.Data.DataSetExtensions` to `System.Data.DataSetExtensions.dll`
[17-04-03 20:37:25] Info: Resolved assembly reference `System.Xml` to `System.Xml.dll`
[17-04-03 20:37:25] Info: Resolved assembly reference `System.Xml.Linq` to `System.Xml.Linq.dll`
[17-04-03 20:37:25] Info: Resolved assembly reference `UnityEngine` to `d:/marijn/documents/steam\SteamApps\common\Parkitect\Parkitect_Data\Managed\UnityEngine.dll`
[17-04-03 20:37:25] Info: Resolved assembly reference `UnityEngine.UI` to `d:/marijn/documents/steam\SteamApps\common\Parkitect\Parkitect_Data\Managed\UnityEngine.UI.dll`
[17-04-03 20:37:25] Info: Source files: ModSparkLoader\FlatRideLoader.cs, ModSparkLoader\Main.cs, ModSparkLoader\ModLoader.cs from `D:\Marijn\Documents\Parkitect\pnmods\Dive-Coaster-6`.
[17-04-03 20:37:25] Info: Compile using compiler version v3.5.
[17-04-03 20:37:38] Info: Loaded build-170403203725070, Version=0.0.0.0, Culture=neutral, PublicKeyToken=null.
[17-04-03 20:37:38] Info: Sucessfully registered Custom_Scenery.Main to the mod manager.
[17-04-03 20:40:32] Info: Compiling Dive-Coaster-6 to bin/build-170403204032691.dll...
[17-04-03 20:40:32] Info: Compiling from `ModSparkLoader.csproj`.
[17-04-03 20:40:32] Info: Resolved assembly reference `Assembly-CSharp` to `d:/marijn/documents/steam\SteamApps\common\Parkitect\Parkitect_Data\Managed\Assembly-CSharp.dll`
[17-04-03 20:40:32] Info: IGNORING assembly reference `Depender`
[17-04-03 20:40:32] Info: Resolved assembly reference `System` to `System.dll`
[17-04-03 20:40:32] Info: Resolved assembly reference `System.Core` to `System.Core.dll`
[17-04-03 20:40:32] Info: Resolved assembly reference `System.Data` to `System.Data.dll`
[17-04-03 20:40:32] Info: Resolved assembly reference `System.Data.DataSetExtensions` to `System.Data.DataSetExtensions.dll`
[17-04-03 20:40:32] Info: Resolved assembly reference `System.Xml` to `System.Xml.dll`
[17-04-03 20:40:32] Info: Resolved assembly reference `System.Xml.Linq` to `System.Xml.Linq.dll`
[17-04-03 20:40:32] Info: Resolved assembly reference `UnityEngine` to `d:/marijn/documents/steam\SteamApps\common\Parkitect\Parkitect_Data\Managed\UnityEngine.dll`
[17-04-03 20:40:32] Info: Resolved assembly reference `UnityEngine.UI` to `d:/marijn/documents/steam\SteamApps\common\Parkitect\Parkitect_Data\Managed\UnityEngine.UI.dll`
[17-04-03 20:40:32] Info: Source files: ModSparkLoader\FlatRideLoader.cs, ModSparkLoader\Main.cs, ModSparkLoader\ModLoader.cs from `D:\Marijn\Documents\Parkitect\pnmods\Dive-Coaster-6`.
[17-04-03 20:40:32] Info: Compile using compiler version v3.5.
[17-04-03 20:40:42] Info: Loaded build-170403204032691, Version=0.0.0.0, Culture=neutral, PublicKeyToken=null.
[17-04-03 20:40:42] Info: Sucessfully registered Custom_Scenery.Main to the mod manager.
[17-04-03 20:43:31] Info: Compiling Dive-Coaster-6 to bin/build-170403204331102.dll...
[17-04-03 20:43:31] Info: Compiling from `ModSparkLoader.csproj`.
[17-04-03 20:43:31] Info: Resolved assembly reference `Assembly-CSharp` to `d:/marijn/documents/steam\SteamApps\common\Parkitect\Parkitect_Data\Managed\Assembly-CSharp.dll`
[17-04-03 20:43:31] Info: IGNORING assembly reference `Depender`
[17-04-03 20:43:31] Info: Resolved assembly reference `System` to `System.dll`
[17-04-03 20:43:31] Info: Resolved assembly reference `System.Core` to `System.Core.dll`
[17-04-03 20:43:31] Info: Resolved assembly reference `System.Data` to `System.Data.dll`
[17-04-03 20:43:31] Info: Resolved assembly reference `System.Data.DataSetExtensions` to `System.Data.DataSetExtensions.dll`
[17-04-03 20:43:31] Info: Resolved assembly reference `System.Xml` to `System.Xml.dll`
[17-04-03 20:43:31] Info: Resolved assembly reference `System.Xml.Linq` to `System.Xml.Linq.dll`
[17-04-03 20:43:31] Info: Resolved assembly reference `UnityEngine` to `d:/marijn/documents/steam\SteamApps\common\Parkitect\Parkitect_Data\Managed\UnityEngine.dll`
[17-04-03 20:43:31] Info: Resolved assembly reference `UnityEngine.UI` to `d:/marijn/documents/steam\SteamApps\common\Parkitect\Parkitect_Data\Managed\UnityEngine.UI.dll`
[17-04-03 20:43:31] Info: Source files: ModSparkLoader\FlatRideLoader.cs, ModSparkLoader\Main.cs, ModSparkLoader\ModLoader.cs from `D:\Marijn\Documents\Parkitect\pnmods\Dive-Coaster-6`.
[17-04-03 20:43:31] Info: Compile using compiler version v3.5.
[17-04-03 20:43:41] Info: Loaded build-170403204331102, Version=0.0.0.0, Culture=neutral, PublicKeyToken=null.
[17-04-03 20:43:41] Info: Sucessfully registered Custom_Scenery.Main to the mod manager.
[17-04-04 17:32:51] Info: Compiling Dive-Coaster-6 to bin/build-170404173251432.dll...
[17-04-04 17:32:51] Info: Compiling from `ModSparkLoader.csproj`.
[17-04-04 17:32:51] Info: Resolved assembly reference `Assembly-CSharp` to `d:/marijn/documents/steam\SteamApps\common\Parkitect\Parkitect_Data\Managed\Assembly-CSharp.dll`
[17-04-04 17:32:51] Info: IGNORING assembly reference `Depender`
[17-04-04 17:32:51] Info: Resolved assembly reference `System` to `System.dll`
[17-04-04 17:32:51] Info: Resolved assembly reference `System.Core` to `System.Core.dll`
[17-04-04 17:32:51] Info: Resolved assembly reference `System.Data` to `System.Data.dll`
[17-04-04 17:32:51] Info: Resolved assembly reference `System.Data.DataSetExtensions` to `System.Data.DataSetExtensions.dll`
[17-04-04 17:32:51] Info: Resolved assembly reference `System.Xml` to `System.Xml.dll`
[17-04-04 17:32:51] Info: Resolved assembly reference `System.Xml.Linq` to `System.Xml.Linq.dll`
[17-04-04 17:32:51] Info: Resolved assembly reference `UnityEngine` to `d:/marijn/documents/steam\SteamApps\common\Parkitect\Parkitect_Data\Managed\UnityEngine.dll`
[17-04-04 17:32:51] Info: Resolved assembly reference `UnityEngine.UI` to `d:/marijn/documents/steam\SteamApps\common\Parkitect\Parkitect_Data\Managed\UnityEngine.UI.dll`
[17-04-04 17:32:51] Info: Source files: ModSparkLoader\FlatRideLoader.cs, ModSparkLoader\Main.cs, ModSparkLoader\ModLoader.cs from `D:\Marijn\Documents\Parkitect\pnmods\Dive-Coaster-6`.
[17-04-04 17:32:51] Info: Compile using compiler version v3.5.
[17-04-04 17:33:13] Info: Loaded build-170404173251432, Version=0.0.0.0, Culture=neutral, PublicKeyToken=null.
[17-04-04 17:33:13] Info: Sucessfully registered Custom_Scenery.Main to the mod manager.
[17-04-04 17:37:34] Info: Compiling Dive-Coaster-6 to bin/build-170404173734098.dll...
[17-04-04 17:37:34] Info: Compiling from `ModSparkLoader.csproj`.
[17-04-04 17:37:34] Info: Resolved assembly reference `Assembly-CSharp` to `d:/marijn/documents/steam\SteamApps\common\Parkitect\Parkitect_Data\Managed\Assembly-CSharp.dll`
[17-04-04 17:37:34] Info: IGNORING assembly reference `Depender`
[17-04-04 17:37:34] Info: Resolved assembly reference `System` to `System.dll`
[17-04-04 17:37:34] Info: Resolved assembly reference `System.Core` to `System.Core.dll`
[17-04-04 17:37:34] Info: Resolved assembly reference `System.Data` to `System.Data.dll`
[17-04-04 17:37:34] Info: Resolved assembly reference `System.Data.DataSetExtensions` to `System.Data.DataSetExtensions.dll`
[17-04-04 17:37:34] Info: Resolved assembly reference `System.Xml` to `System.Xml.dll`
[17-04-04 17:37:34] Info: Resolved assembly reference `System.Xml.Linq` to `System.Xml.Linq.dll`
[17-04-04 17:37:34] Info: Resolved assembly reference `UnityEngine` to `d:/marijn/documents/steam\SteamApps\common\Parkitect\Parkitect_Data\Managed\UnityEngine.dll`
[17-04-04 17:37:34] Info: Resolved assembly reference `UnityEngine.UI` to `d:/marijn/documents/steam\SteamApps\common\Parkitect\Parkitect_Data\Managed\UnityEngine.UI.dll`
[17-04-04 17:37:34] Info: Source files: ModSparkLoader\FlatRideLoader.cs, ModSparkLoader\Main.cs, ModSparkLoader\ModLoader.cs from `D:\Marijn\Documents\Parkitect\pnmods\Dive-Coaster-6`.
[17-04-04 17:37:34] Info: Compile using compiler version v3.5.
[17-04-04 17:37:43] Info: Loaded build-170404173734098, Version=0.0.0.0, Culture=neutral, PublicKeyToken=null.
[17-04-04 17:37:43] Info: Sucessfully registered Custom_Scenery.Main to the mod manager.
[17-04-04 17:40:24] Info: Compiling Dive-Coaster-6 to bin/build-170404174024923.dll...
[17-04-04 17:40:24] Info: Compiling from `ModSparkLoader.csproj`.
[17-04-04 17:40:24] Info: Resolved assembly reference `Assembly-CSharp` to `d:/marijn/documents/steam\SteamApps\common\Parkitect\Parkitect_Data\Managed\Assembly-CSharp.dll`
[17-04-04 17:40:24] Info: IGNORING assembly reference `Depender`
[17-04-04 17:40:24] Info: Resolved assembly reference `System` to `System.dll`
[17-04-04 17:40:24] Info: Resolved assembly reference `System.Core` to `System.Core.dll`
[17-04-04 17:40:24] Info: Resolved assembly reference `System.Data` to `System.Data.dll`
[17-04-04 17:40:24] Info: Resolved assembly reference `System.Data.DataSetExtensions` to `System.Data.DataSetExtensions.dll`
[17-04-04 17:40:24] Info: Resolved assembly reference `System.Xml` to `System.Xml.dll`
[17-04-04 17:40:24] Info: Resolved assembly reference `System.Xml.Linq` to `System.Xml.Linq.dll`
[17-04-04 17:40:24] Info: Resolved assembly reference `UnityEngine` to `d:/marijn/documents/steam\SteamApps\common\Parkitect\Parkitect_Data\Managed\UnityEngine.dll`
[17-04-04 17:40:24] Info: Resolved assembly reference `UnityEngine.UI` to `d:/marijn/documents/steam\SteamApps\common\Parkitect\Parkitect_Data\Managed\UnityEngine.UI.dll`
[17-04-04 17:40:24] Info: Source files: ModSparkLoader\FlatRideLoader.cs, ModSparkLoader\Main.cs, ModSparkLoader\ModLoader.cs from `D:\Marijn\Documents\Parkitect\pnmods\Dive-Coaster-6`.
[17-04-04 17:40:24] Info: Compile using compiler version v3.5.
[17-04-04 17:40:34] Info: Loaded build-170404174024923, Version=0.0.0.0, Culture=neutral, PublicKeyToken=null.
[17-04-04 17:40:34] Info: Sucessfully registered Custom_Scenery.Main to the mod manager.
